[2026-04-10 07:01:15.176] AIDevOps extension v2026.327.1727 activated
[2026-04-10 07:01:15.178] Discovered 0 AIDevOps server(s): (none)
[2026-04-10 07:01:15.178] Server instructions loaded for 0 server(s)
[2026-04-10 07:01:15.178] NuGet sources: msazure.pkgs.visualstudio.com/One/_packaging/AIDevOps/nuget/v3/index.json
[2026-04-10 07:01:15.179] Feed watcher started (30 min interval, 1 source(s))
[2026-04-10 07:01:15.180] Graph orchestration engine initialized (lazy — graphs compiled on first use)
[2026-04-10 07:01:39.948] ensureToolDependencies: starting — resolver=yes, 3 total dependencies, 1 deferred
[2026-04-10 07:01:39.950] checkToolDependencies: 87 tools available, resolver=yes, checking 3 dependencies
[2026-04-10 07:01:39.950] isToolAvailable: renderMermaidDiagram — exact match: true
[2026-04-10 07:01:39.951] Tool dependency OK: renderMermaidDiagram
[2026-04-10 07:01:39.951] isToolAvailable: vscode_askQuestions — exact match: true
[2026-04-10 07:01:39.951] Tool dependency OK: vscode_askQuestions
[2026-04-10 07:01:39.951] isToolAvailable: mcp_aidevops-graph → expectedServer="aidevops-graph", truncatedPrefix=(none)
[2026-04-10 07:01:39.951] isToolAvailable: mcp_aidevops-graph — fallback fullName match: false
[2026-04-10 07:01:39.951] Tool dependency DEFERRED: mcp_aidevops-graph — will watch in background
[2026-04-10 07:01:39.951] checkToolDependencies: 2/2 immediate dependencies satisfied
[2026-04-10 07:01:39.951] All immediate tool dependencies satisfied
[2026-04-10 07:01:39.951] ensureToolDependencies: watching 1 deferred tool(s): mcp_aidevops-graph
[2026-04-10 07:01:53.349] NuGet source query failed: https://msazure.pkgs.visualstudio.com/One/_packaging/AIDevOps/nuget/v3/index.json: HTTP 401 from https://msazure.pkgs.visualstudio.com/One/_packaging/AIDevOps/nuget/v3/index.json
[2026-04-10 07:01:53.349] Feed poll failed (1/3): All NuGet sources failed: https://msazure.pkgs.visualstudio.com/One/_packaging/AIDevOps/nuget/v3/index.json: HTTP 401 from https://msazure.pkgs.visualstudio.com/One/_packaging/AIDevOps/nuget/v3/index.json
[2026-04-10 07:02:11.106] isToolAvailable: mcp_aidevops-graph → expectedServer="aidevops-graph", truncatedPrefix=(none)
[2026-04-10 07:02:11.106] isToolAvailable: mcp_aidevops-graph — fallback fullName match: false
[2026-04-10 07:02:45.369] isToolAvailable: mcp_aidevops-graph → expectedServer="aidevops-graph", truncatedPrefix=(none)
[2026-04-10 07:02:45.369] isToolAvailable: mcp_aidevops-graph — fallback fullName match: false
[2026-04-10 07:03:37.642] isToolAvailable: mcp_aidevops-graph → expectedServer="aidevops-graph", truncatedPrefix=(none)
[2026-04-10 07:03:37.642] isToolAvailable: mcp_aidevops-graph — fallback fullName match: false
[2026-04-10 07:04:10.365] isToolAvailable: mcp_aidevops-graph → expectedServer="aidevops-graph", truncatedPrefix=(none)
[2026-04-10 07:04:10.365] isToolAvailable: mcp_aidevops-graph — fallback fullName match: false
[2026-04-10 07:04:10.365] ensureToolDependencies: poll #4, still waiting for: mcp_aidevops-graph
[2026-04-10 07:04:42.639] isToolAvailable: mcp_aidevops-graph → expectedServer="aidevops-graph", truncatedPrefix=(none)
[2026-04-10 07:04:42.639] isToolAvailable: mcp_aidevops-graph — fallback fullName match: false
[2026-04-10 07:05:12.641] isToolAvailable: mcp_aidevops-graph → expectedServer="aidevops-graph", truncatedPrefix=(none)
[2026-04-10 07:05:12.641] isToolAvailable: mcp_aidevops-graph — fallback fullName match: false
[2026-04-10 07:05:42.650] isToolAvailable: mcp_aidevops-graph → expectedServer="aidevops-graph", truncatedPrefix=(none)
[2026-04-10 07:05:42.650] isToolAvailable: mcp_aidevops-graph — fallback fullName match: false
[2026-04-10 07:06:12.658] isToolAvailable: mcp_aidevops-graph → expectedServer="aidevops-graph", truncatedPrefix=(none)
[2026-04-10 07:06:12.658] isToolAvailable: mcp_aidevops-graph — fallback fullName match: false
[2026-04-10 07:06:12.658] ensureToolDependencies: poll #8, still waiting for: mcp_aidevops-graph
[2026-04-10 07:06:42.663] isToolAvailable: mcp_aidevops-graph → expectedServer="aidevops-graph", truncatedPrefix=(none)
[2026-04-10 07:06:42.663] isToolAvailable: mcp_aidevops-graph — fallback fullName match: false
[2026-04-10 07:07:12.666] isToolAvailable: mcp_aidevops-graph → expectedServer="aidevops-graph", truncatedPrefix=(none)
[2026-04-10 07:07:12.666] isToolAvailable: mcp_aidevops-graph — fallback fullName match: false
[2026-04-10 07:07:42.680] isToolAvailable: mcp_aidevops-graph → expectedServer="aidevops-graph", truncatedPrefix=(none)
[2026-04-10 07:07:42.680] isToolAvailable: mcp_aidevops-graph — fallback fullName match: false
[2026-04-10 07:08:12.685] isToolAvailable: mcp_aidevops-graph → expectedServer="aidevops-graph", truncatedPrefix=(none)
[2026-04-10 07:08:12.686] isToolAvailable: mcp_aidevops-graph — fallback fullName match: false
[2026-04-10 07:08:12.686] ensureToolDependencies: poll #12, still waiting for: mcp_aidevops-graph
[2026-04-10 07:08:42.685] isToolAvailable: mcp_aidevops-graph → expectedServer="aidevops-graph", truncatedPrefix=(none)
[2026-04-10 07:08:42.686] isToolAvailable: mcp_aidevops-graph — fallback fullName match: false
[2026-04-10 07:09:12.688] isToolAvailable: mcp_aidevops-graph → expectedServer="aidevops-graph", truncatedPrefix=(none)
[2026-04-10 07:09:12.688] isToolAvailable: mcp_aidevops-graph — fallback fullName match: false
[2026-04-10 07:09:42.688] isToolAvailable: mcp_aidevops-graph → expectedServer="aidevops-graph", truncatedPrefix=(none)
[2026-04-10 07:09:42.688] isToolAvailable: mcp_aidevops-graph — fallback fullName match: false
[2026-04-10 07:10:12.689] isToolAvailable: mcp_aidevops-graph → expectedServer="aidevops-graph", truncatedPrefix=(none)
[2026-04-10 07:10:12.689] isToolAvailable: mcp_aidevops-graph — fallback fullName match: false
[2026-04-10 07:10:12.689] ensureToolDependencies: poll #16, still waiting for: mcp_aidevops-graph
[2026-04-10 07:10:42.689] isToolAvailable: mcp_aidevops-graph → expectedServer="aidevops-graph", truncatedPrefix=(none)
[2026-04-10 07:10:42.689] isToolAvailable: mcp_aidevops-graph — fallback fullName match: false
[2026-04-10 07:11:12.704] isToolAvailable: mcp_aidevops-graph → expectedServer="aidevops-graph", truncatedPrefix=(none)
[2026-04-10 07:11:12.704] isToolAvailable: mcp_aidevops-graph — fallback fullName match: false
[2026-04-10 07:11:40.165] Stopped watching for deferred tools after 18 polls (mcp_aidevops-graph still not available after 10 min)
[2026-04-10 07:31:19.581] NuGet source query failed: https://msazure.pkgs.visualstudio.com/One/_packaging/AIDevOps/nuget/v3/index.json: HTTP 401 from https://msazure.pkgs.visualstudio.com/One/_packaging/AIDevOps/nuget/v3/index.json
[2026-04-10 07:31:19.583] Feed poll failed (2/3): All NuGet sources failed: https://msazure.pkgs.visualstudio.com/One/_packaging/AIDevOps/nuget/v3/index.json: HTTP 401 from https://msazure.pkgs.visualstudio.com/One/_packaging/AIDevOps/nuget/v3/index.json
[2026-04-11 12:33:42.778] NuGet source query failed: https://msazure.pkgs.visualstudio.com/One/_packaging/AIDevOps/nuget/v3/index.json: Feed unreachable: https://msazure.pkgs.visualstudio.com/One/_packaging/AIDevOps/nuget/v3/index.json — getaddrinfo ENOTFOUND msazure.pkgs.visualstudio.com
[2026-04-11 12:33:42.780] Feed poll failed (3/3): All NuGet sources failed: https://msazure.pkgs.visualstudio.com/One/_packaging/AIDevOps/nuget/v3/index.json: Feed unreachable: https://msazure.pkgs.visualstudio.com/One/_packaging/AIDevOps/nuget/v3/index.json — getaddrinfo ENOTFOUND msazure.pkgs.visualstudio.com
[2026-04-11 13:57:44.351] NuGet source query failed: https://msazure.pkgs.visualstudio.com/One/_packaging/AIDevOps/nuget/v3/index.json: HTTP 401 from https://msazure.pkgs.visualstudio.com/One/_packaging/AIDevOps/nuget/v3/index.json
[2026-04-11 13:57:44.358] Feed poll failed (4/3): All NuGet sources failed: https://msazure.pkgs.visualstudio.com/One/_packaging/AIDevOps/nuget/v3/index.json: HTTP 401 from https://msazure.pkgs.visualstudio.com/One/_packaging/AIDevOps/nuget/v3/index.json
[2026-04-11 14:26:56.462] NuGet source query failed: https://msazure.pkgs.visualstudio.com/One/_packaging/AIDevOps/nuget/v3/index.json: HTTP 401 from https://msazure.pkgs.visualstudio.com/One/_packaging/AIDevOps/nuget/v3/index.json
[2026-04-11 14:26:56.473] Feed poll failed (5/3): All NuGet sources failed: https://msazure.pkgs.visualstudio.com/One/_packaging/AIDevOps/nuget/v3/index.json: HTTP 401 from https://msazure.pkgs.visualstudio.com/One/_packaging/AIDevOps/nuget/v3/index.json
[2026-04-11 14:56:56.762] NuGet source query failed: https://msazure.pkgs.visualstudio.com/One/_packaging/AIDevOps/nuget/v3/index.json: HTTP 401 from https://msazure.pkgs.visualstudio.com/One/_packaging/AIDevOps/nuget/v3/index.json
[2026-04-11 14:56:56.770] Feed poll failed (6/3): All NuGet sources failed: https://msazure.pkgs.visualstudio.com/One/_packaging/AIDevOps/nuget/v3/index.json: HTTP 401 from https://msazure.pkgs.visualstudio.com/One/_packaging/AIDevOps/nuget/v3/index.json
[2026-04-11 15:27:09.321] NuGet source query failed: https://msazure.pkgs.visualstudio.com/One/_packaging/AIDevOps/nuget/v3/index.json: HTTP 401 from https://msazure.pkgs.visualstudio.com/One/_packaging/AIDevOps/nuget/v3/index.json
[2026-04-11 15:27:09.332] Feed poll failed (7/3): All NuGet sources failed: https://msazure.pkgs.visualstudio.com/One/_packaging/AIDevOps/nuget/v3/index.json: HTTP 401 from https://msazure.pkgs.visualstudio.com/One/_packaging/AIDevOps/nuget/v3/index.json
